

127.1.0.1:
boubou.ls 0.00 WED 10-04-2024 17:38:18
logical.txt 0.76 TUE 09-04-2024 19:31:50
champion.md 0.00 WED 10-04-2024 16:07:00
Jifi.txt 0.00 WED 10-04-2024 13:55:48
test-file.t 0.00 WED 10-04-2024 17:35:48
bonjour.txt 0.00 WED 10-04-2024 14:40:19
test.c 0.00 WED 10-04-2024 15:19:47
file.log 1.83 WED 10-04-2024 15:13:22
bonbone.js 0.00 WED 10-04-2024 17:36:14
deep_file.c 0.00 TUE 09-04-2024 11:24:05


127.0.1.1:
logical.txt 0.76 TUE 09-04-2024 19:31:50
another-test.file 0.00 WED 10-04-2024 17:39:47
champion.md 0.00 WED 10-04-2024 16:07:00
Jifi.txt 0.00 WED 10-04-2024 13:55:48
test-file.t 0.00 WED 10-04-2024 17:35:48
bonjour.txt 0.00 WED 10-04-2024 14:40:19
test.c 0.00 WED 10-04-2024 15:19:47
file.log 1.83 WED 10-04-2024 15:13:22
bonbone.js 0.00 WED 10-04-2024 17:36:14
deep_file.c 0.00 TUE 09-04-2024 11:24:05





127.0.0.1:
server_runner 0.02 SUN 14-04-2024 12:14:33
another-test.file 0.00 WED 10-04-2024 17:39:47
client_runner 0.02 SUN 14-04-2024 11:15:15
champion.md 0.00 WED 10-04-2024 16:07:00
list_dir_file.c 0.00 MON 08-04-2024 18:35:26
Jifi.txt 0.00 WED 10-04-2024 13:55:48
test-file.t 0.00 WED 10-04-2024 17:35:48
test.c 0.00 WED 10-04-2024 15:19:47
file.log 1.83 WED 10-04-2024 15:13:22
love-storie.story 0.00 SUN 14-04-2024 12:18:01
bonbone.js 0.00 WED 10-04-2024 17:36:14
deep_file.c 0.00 TUE 09-04-2024 11:24:05
